Using pre-set license
Built from '2020.3/staging' branch; Version is '2020.3.0f1 (c7b5465681fb) revision 13088070'; Using compiler version '192528614'; Build Type 'Release'
OS: 'Windows 10 Pro; OS build 19041.867; Version 2004; 64bit' Language: 'es' Physical Memory: 8147 MB
BatchMode: 1, IsHumanControllingUs: 0, StartBugReporterOnCrash: 0, Is64bit: 1, IsPro: 0

 COMMAND LINE ARGUMENTS:
D:\Unity\2020.3.0f1\Editor\Unity.exe
-adb2
-batchMode
-noUpm
-name
AssetImportWorker0
-projectPath
C:/Users/luise/OneDrive/Escritorio/Juego Willys/Juego  Willys nave
-logFile
Logs/AssetImportWorker0.log
-srvPort
53865
Successfully changed project path to: C:/Users/luise/OneDrive/Escritorio/Juego Willys/Juego  Willys nave
C:/Users/luise/OneDrive/Escritorio/Juego Willys/Juego  Willys nave
Using Asset Import Pipeline V2.
Refreshing native plugins compatible for Editor in 51.30 ms, found 1 plugins.
Preloading 0 native plugins for Editor in 0.00 ms.
Initialize engine version: 2020.3.0f1 (c7b5465681fb)
[Subsystems] Discovering subsystems at path D:/Unity/2020.3.0f1/Editor/Data/Resources/UnitySubsystems
[Subsystems] Discovering subsystems at path C:/Users/luise/OneDrive/Escritorio/Juego Willys/Juego  Willys nave/Assets
GfxDevice: creating device client; threaded=0
Direct3D:
    Version:  Direct3D 11.0 [level 11.1]
    Renderer: NVIDIA GeForce GTX 1050 Ti (ID=0x1c82)
    Vendor:   
    VRAM:     4018 MB
    Driver:   27.21.14.6192
Initialize mono
Mono path[0] = 'D:/Unity/2020.3.0f1/Editor/Data/Managed'
Mono path[1] = 'D:/Unity/2020.3.0f1/Editor/Data/MonoBleedingEdge/lib/mono/unityjit'
Mono config path = 'D:/Unity/2020.3.0f1/Editor/Data/MonoBleedingEdge/etc'
Using monoOptions --debugger-agent=transport=dt_socket,embedding=1,server=y,suspend=n,address=127.0.0.1:56372
Begin MonoManager ReloadAssembly
Registering precompiled unity dll's ...
Register platform support module: D:/Unity/2020.3.0f1/Editor/Data/PlaybackEngines/WindowsStandaloneSupport/UnityEditor.WindowsStandalone.Extensions.dll
Registered in 0.001601 seconds.
Native extension for WindowsStandalone target not found
Refreshing native plugins compatible for Editor in 58.64 ms, found 1 plugins.
Preloading 0 native plugins for Editor in 0.00 ms.
Invoked RoslynAnalysisRunner static constructor.
RoslynAnalysisRunner will not be running.
RoslynAnalysisRunner has terminated.
Mono: successfully reloaded assembly
- Completed reload, in  1.407 seconds
Platform modules already initialized, skipping
Registering precompiled user dll's ...
Registered in 0.001553 seconds.
Begin MonoManager ReloadAssembly
Native extension for WindowsStandalone target not found
Refreshing native plugins compatible for Editor in 49.75 ms, found 1 plugins.
Preloading 0 native plugins for Editor in 0.00 ms.
Invoked RoslynAnalysisRunner static constructor.
RoslynAnalysisRunner will not be running.
RoslynAnalysisRunner has terminated.
Mono: successfully reloaded assembly
- Completed reload, in  1.320 seconds
Platform modules already initialized, skipping
========================================================================
Worker process is ready to serve import requests
Launched and connected shader compiler UnityShaderCompiler.exe after 0.09 seconds
Refreshing native plugins compatible for Editor in 0.40 ms, found 1 plugins.
Preloading 0 native plugins for Editor in 0.00 ms.
Unloading 1806 Unused Serialized files (Serialized files now loaded: 0)
System memory in use before: 84.6 MB.
System memory in use after: 84.6 MB.

Unloading 24 unused Assets to reduce memory usage. Loaded Objects now: 2248.
Total: 2.199000 ms (FindLiveObjects: 0.216100 ms CreateObjectMapping: 0.085400 ms MarkObjects: 1.748100 ms  DeleteObjects: 0.148100 ms)

========================================================================
Received Import Request.
  path: Assets/Sprites
  artifactKey: Guid(a2ee7b117723cc84489eb06f50619c6e) Importer(815301076,1909f56bfc062723c751e8b465ee728b)
Start importing Assets/Sprites using Guid(a2ee7b117723cc84489eb06f50619c6e) Importer(815301076,1909f56bfc062723c751e8b465ee728b)  -> (artifact id: '4e8ae7329fae4b62e08b113cf0bd5b9c') in 0.029638 seconds
  Import took 0.035972 seconds .

========================================================================
Received Import Request.
  Time since last request: 63.252997 seconds.
  path: Assets/Sprites/Nave.png
  artifactKey: Guid(ccdd40605f789b247ae64520f9ce2e28) Importer(815301076,1909f56bfc062723c751e8b465ee728b)
Start importing Assets/Sprites/Nave.png using Guid(ccdd40605f789b247ae64520f9ce2e28) Importer(815301076,1909f56bfc062723c751e8b465ee728b)  -> (artifact id: '19c8b5daad6120049fcabc30e4f93dee') in 0.388604 seconds
  Import took 0.394177 seconds .

========================================================================
Received Import Request.
  Time since last request: 65.838192 seconds.
  path: Assets/Sprites/BackGround.jpg
  artifactKey: Guid(671ddb3041bd8b34c891749e4805e2d1) Importer(815301076,1909f56bfc062723c751e8b465ee728b)
Start importing Assets/Sprites/BackGround.jpg using Guid(671ddb3041bd8b34c891749e4805e2d1) Importer(815301076,1909f56bfc062723c751e8b465ee728b)  -> (artifact id: '4d3178d1d907a13b79bb62d1749c07d7') in 0.026298 seconds
  Import took 0.043922 seconds .

========================================================================
Received Import Request.
  Time since last request: 197.424844 seconds.
  path: Assets/Sprits
  artifactKey: Guid(63d0ea4d75016ed43b6b6dae5730f99f) Importer(815301076,1909f56bfc062723c751e8b465ee728b)
Start importing Assets/Sprits using Guid(63d0ea4d75016ed43b6b6dae5730f99f) Importer(815301076,1909f56bfc062723c751e8b465ee728b)  -> (artifact id: '59c3cac32d457c21f82cdcb12ba6a9ec') in 0.009587 seconds
  Import took 0.016459 seconds .

========================================================================
Received Import Request.
  Time since last request: 0.001287 seconds.
  path: Assets/Sprits
  artifactKey: Guid(63d0ea4d75016ed43b6b6dae5730f99f) Importer(815301076,1909f56bfc062723c751e8b465ee728b)
Start importing Assets/Sprits using Guid(63d0ea4d75016ed43b6b6dae5730f99f) Importer(815301076,1909f56bfc062723c751e8b465ee728b)  -> (artifact id: '59c3cac32d457c21f82cdcb12ba6a9ec') in 0.003705 seconds
  Import took 0.008478 seconds .

========================================================================
Received Import Request.
  Time since last request: 12.064572 seconds.
  path: Assets/Sprits/GamaManager.cs
  artifactKey: Guid(7ef3e8c4a7cabbd4f8832a7d0f13bf3e) Importer(815301076,1909f56bfc062723c751e8b465ee728b)
Start importing Assets/Sprits/GamaManager.cs using Guid(7ef3e8c4a7cabbd4f8832a7d0f13bf3e) Importer(815301076,1909f56bfc062723c751e8b465ee728b)  -> (artifact id: 'da0bb7c0d7735b9c9910baa73fdaeca5') in 0.016246 seconds
  Import took 0.025877 seconds .

========================================================================
Received Prepare
Registering precompiled user dll's ...
Registered in 0.001548 seconds.
Begin MonoManager ReloadAssembly
Native extension for WindowsStandalone target not found
Refreshing native plugins compatible for Editor in 0.90 ms, found 1 plugins.
Preloading 0 native plugins for Editor in 0.00 ms.
Invoked RoslynAnalysisRunner static constructor.
RoslynAnalysisRunner will not be running.
RoslynAnalysisRunner has terminated.
Mono: successfully reloaded assembly
- Completed reload, in  1.196 seconds
Platform modules already initialized, skipping
Refreshing native plugins compatible for Editor in 0.50 ms, found 1 plugins.
Preloading 0 native plugins for Editor in 0.00 ms.
Unloading 1802 Unused Serialized files (Serialized files now loaded: 0)
System memory in use before: 87.7 MB.
System memory in use after: 87.7 MB.

Unloading 12 unused Assets to reduce memory usage. Loaded Objects now: 2261.
Total: 2.365500 ms (FindLiveObjects: 0.300700 ms CreateObjectMapping: 0.084000 ms MarkObjects: 1.792200 ms  DeleteObjects: 0.187300 ms)

AssetImportWorkerClient::OnTransportError - code=2 error=End of file
